\BOOKMARK [0][-]{chapter.1}{1 Application of the Markov model to Life Insurance}{}% 1
\BOOKMARK [1][-]{section.1.1}{1.1 Traditional Rating of Life Contracts}{chapter.1}% 2
\BOOKMARK [1][-]{section.1.2}{1.2 Life Insurance considered as Random Cash flows}{chapter.1}% 3
\BOOKMARK [1][-]{section.1.3}{1.3 Reserves, Recursion and Premiums}{chapter.1}% 4
\BOOKMARK [0][-]{chapter.2}{2 Beispiele und Probleme aus der Praxis}{}% 5
\BOOKMARK [1][-]{section.2.1}{2.1 Einleitung}{chapter.2}% 6
\BOOKMARK [1][-]{section.2.2}{2.2 Unterj\344hrige Zahlungen}{chapter.2}% 7
\BOOKMARK [1][-]{section.2.3}{2.3 Garantierte Renten}{chapter.2}% 8
\BOOKMARK [1][-]{section.2.4}{2.4 R\374ckgew\344hr}{chapter.2}% 9
\BOOKMARK [1][-]{section.2.5}{2.5 Kapitalversicherungen mit stochastischem Zins}{chapter.2}% 10
\BOOKMARK [1][-]{section.2.6}{2.6 Invalidit\344tsversicherungen}{chapter.2}% 11
\BOOKMARK [0][-]{chapter.3}{3 omarkov.h}{}% 12
\BOOKMARK [0][-]{chapter.4}{4 omarkov.cpp}{}% 13
\BOOKMARK [0][-]{chapter.5}{5 annuity.h}{}% 14
\BOOKMARK [0][-]{chapter.6}{6 annuity.cpp}{}% 15
\BOOKMARK [0][-]{chapter.7}{7 capital.h}{}% 16
\BOOKMARK [0][-]{chapter.8}{8 capital.cpp}{}% 17
\BOOKMARK [0][-]{chapter.9}{9 annuity2.h}{}% 18
\BOOKMARK [0][-]{chapter.10}{10 annuity2.cpp}{}% 19
\BOOKMARK [0][-]{chapter.11}{11 glmod.h}{}% 20
\BOOKMARK [0][-]{chapter.12}{12 glmod.cpp}{}% 21
\BOOKMARK [0][-]{chapter.13}{13 annmod.h}{}% 22
\BOOKMARK [0][-]{chapter.14}{14 annmod.cpp}{}% 23
\BOOKMARK [0][-]{chapter.15}{15 make and omarkov.i}{}% 24
\BOOKMARK [1][-]{subsection.15.0.1}{15.0.1 omarkov.i}{chapter.15}% 25
\BOOKMARK [2][-]{subsection.15.0.2}{15.0.2 make}{subsection.15.0.1}% 26
\BOOKMARK [0][-]{chapter.16}{16 omarkov\137wrap - generated by swig}{}% 27
\BOOKMARK [0][-]{chapter.17}{17 Examples}{}% 28
